生成启动时间为 2014/11/22 17:00:10。
     1>项目“E:\实验室相关\VRDAPSO动态优化\zgwDynamic_Optimization\AdaptiveDE\AdaptiveDE.vcxproj”在节点 2 上(Build 个目标)。
     1>ClCompile:
         C:\Program Files (x86)\Microsoft Visual Studio 11.0\VC\bin\CL.exe /c /ZI /nologo /W3 /WX- /sdl /Od /Oy- /D WIN32 /D _DEBUG /D _CONSOLE /D _CRT_SECURE_NO_WARNINGS /D _UNICODE /D UNICODE /Gm /EHsc /RTC1 /MDd /GS /fp:precise /Zc:wchar_t /Zc:forScope /Yu"stdafx.h" /Fp"Debug\AdaptiveDE.pch" /Fo"Debug\\" /Fd"Debug\vc110.pdb" /Gd /TP /analyze- /errorReport:prompt AdaptiveDE.cpp
         AdaptiveDE.cpp
       Link:
         C:\Program Files (x86)\Microsoft Visual Studio 11.0\VC\bin\link.exe /ERRORREPORT:PROMPT /OUT:"E:\实验室相关\VRDAPSO动态优化\zgwDynamic_Optimization\Debug\AdaptiveDE.exe" /INCREMENTAL /NOLOGO kernel32.lib user32.lib gdi32.lib winspool.lib comdlg32.lib advapi32.lib shell32.lib ole32.lib oleaut32.lib uuid.lib odbc32.lib odbccp32.lib /MANIFEST /MANIFESTUAC:"level='asInvoker' uiAccess='false'" /manifest:embed /DEBUG /PDB:"E:\实验室相关\VRDAPSO动态优化\zgwDynamic_Optimization\Debug\AdaptiveDE.pdb" /SUBSYSTEM:CONSOLE /TLBID:1 /DYNAMICBASE /NXCOMPAT /IMPLIB:"E:\实验室相关\VRDAPSO动态优化\zgwDynamic_Optimization\Debug\AdaptiveDE.lib" /MACHINE:X86 Debug\AdaptiveDE.obj
         Debug\Composition_DBG.obj
         Debug\General_DBG.obj
         Debug\Global.obj
         Debug\Matrix.obj
         Debug\Particle.obj
         Debug\Point.obj
         Debug\extreal.obj
         Debug\myexcept.obj
         Debug\newran1.obj
         Debug\newran2.obj
         Debug\simpstr.obj
         Debug\Real_DBG.obj
         Debug\Rotation_DBG.obj
         Debug\stdafx.obj
         Debug\Swarm.obj
         AdaptiveDE.vcxproj -> E:\实验室相关\VRDAPSO动态优化\zgwDynamic_Optimization\Debug\AdaptiveDE.exe
     1>已完成生成项目“E:\实验室相关\VRDAPSO动态优化\zgwDynamic_Optimization\AdaptiveDE\AdaptiveDE.vcxproj”(Build 个目标)的操作。

生成成功。

已用时间 00:00:01.48
